d:\projekty c++\2016\warcaby\warcaby\x64\release\vc140.pdb
d:\projekty c++\2016\warcaby\warcaby\x64\release\warcaby.obj
d:\projekty c++\2016\warcaby\warcaby\x64\release\stdafx.obj
d:\projekty c++\2016\warcaby\warcaby\x64\release\status.obj
d:\projekty c++\2016\warcaby\warcaby\x64\release\player.obj
d:\projekty c++\2016\warcaby\warcaby\x64\release\pawn.obj
d:\projekty c++\2016\warcaby\warcaby\x64\release\killtree.obj
d:\projekty c++\2016\warcaby\warcaby\x64\release\gamewindow.obj
d:\projekty c++\2016\warcaby\warcaby\x64\release\game.obj
d:\projekty c++\2016\warcaby\warcaby\x64\release\engine.obj
d:\projekty c++\2016\warcaby\warcaby\x64\release\boardelement.obj
d:\projekty c++\2016\warcaby\warcaby\x64\release\board.obj
d:\projekty c++\2016\warcaby\warcaby\x64\release\artificialplayer.obj
d:\projekty c++\2016\warcaby\x64\release\warcaby.pdb
d:\projekty c++\2016\warcaby\warcaby\x64\release\warcaby.tlog\cl.command.1.tlog
d:\projekty c++\2016\warcaby\warcaby\x64\release\warcaby.tlog\cl.read.1.tlog
d:\projekty c++\2016\warcaby\warcaby\x64\release\warcaby.tlog\cl.write.1.tlog
d:\projekty c++\2016\warcaby\warcaby\x64\release\warcaby.tlog\link-cvtres.read.1.tlog
d:\projekty c++\2016\warcaby\warcaby\x64\release\warcaby.tlog\link-cvtres.write.1.tlog
d:\projekty c++\2016\warcaby\warcaby\x64\release\warcaby.tlog\link-rc.read.1.tlog
d:\projekty c++\2016\warcaby\warcaby\x64\release\warcaby.tlog\link-rc.write.1.tlog
d:\projekty c++\2016\warcaby\warcaby\x64\release\warcaby.tlog\link.command.1.tlog
d:\projekty c++\2016\warcaby\warcaby\x64\release\warcaby.tlog\link.read.1.tlog
d:\projekty c++\2016\warcaby\warcaby\x64\release\warcaby.tlog\link.write.1.tlog
