d:\projekty c++\2016\warcaby\warcaby\debug\vc140.pdb
d:\projekty c++\2016\warcaby\warcaby\debug\vc140.idb
d:\projekty c++\2016\warcaby\warcaby\debug\board.obj
d:\projekty c++\2016\warcaby\warcaby\debug\boardelement.obj
d:\projekty c++\2016\warcaby\warcaby\debug\engine.obj
d:\projekty c++\2016\warcaby\warcaby\debug\entity.obj
d:\projekty c++\2016\warcaby\warcaby\debug\game.obj
d:\projekty c++\2016\warcaby\warcaby\debug\gamewindow.obj
d:\projekty c++\2016\warcaby\warcaby\debug\pawn.obj
d:\projekty c++\2016\warcaby\warcaby\debug\pawnentity.obj
d:\projekty c++\2016\warcaby\warcaby\debug\stdafx.obj
d:\projekty c++\2016\warcaby\warcaby\debug\warcaby.obj
d:\projekty c++\2016\warcaby\debug\warcaby.ilk
d:\projekty c++\2016\warcaby\debug\warcaby.exe
d:\projekty c++\2016\warcaby\debug\warcaby.pdb
d:\projekty c++\2016\warcaby\warcaby\debug\warcaby.tlog\cl.command.1.tlog
d:\projekty c++\2016\warcaby\warcaby\debug\warcaby.tlog\cl.read.1.tlog
d:\projekty c++\2016\warcaby\warcaby\debug\warcaby.tlog\cl.write.1.tlog
d:\projekty c++\2016\warcaby\warcaby\debug\warcaby.tlog\link.command.1.tlog
d:\projekty c++\2016\warcaby\warcaby\debug\warcaby.tlog\link.read.1.tlog
d:\projekty c++\2016\warcaby\warcaby\debug\warcaby.tlog\link.write.1.tlog
