d:\projekty c++\2016\warcaby\warcaby\x64\debug\vc140.pdb
d:\projekty c++\2016\warcaby\warcaby\x64\debug\vc140.idb
d:\projekty c++\2016\warcaby\warcaby\x64\debug\status.obj
d:\projekty c++\2016\warcaby\warcaby\x64\debug\stdafx.obj
d:\projekty c++\2016\warcaby\warcaby\x64\debug\boardelement.obj
d:\projekty c++\2016\warcaby\warcaby\x64\debug\gamewindow.obj
d:\projekty c++\2016\warcaby\warcaby\x64\debug\pawn.obj
d:\projekty c++\2016\warcaby\warcaby\x64\debug\engine.obj
d:\projekty c++\2016\warcaby\warcaby\x64\debug\game.obj
d:\projekty c++\2016\warcaby\warcaby\x64\debug\player.obj
d:\projekty c++\2016\warcaby\warcaby\x64\debug\warcaby.obj
d:\projekty c++\2016\warcaby\warcaby\x64\debug\board.obj
d:\projekty c++\2016\warcaby\x64\debug\warcaby.ilk
d:\projekty c++\2016\warcaby\x64\debug\warcaby.exe
d:\projekty c++\2016\warcaby\x64\debug\warcaby.pdb
d:\projekty c++\2016\warcaby\warcaby\x64\debug\warcaby.tlog\cl.command.1.tlog
d:\projekty c++\2016\warcaby\warcaby\x64\debug\warcaby.tlog\cl.read.1.tlog
d:\projekty c++\2016\warcaby\warcaby\x64\debug\warcaby.tlog\cl.write.1.tlog
d:\projekty c++\2016\warcaby\warcaby\x64\debug\warcaby.tlog\link.command.1.tlog
d:\projekty c++\2016\warcaby\warcaby\x64\debug\warcaby.tlog\link.read.1.tlog
d:\projekty c++\2016\warcaby\warcaby\x64\debug\warcaby.tlog\link.write.1.tlog
